<?xml version="1.0" encoding="UTF-8"?>
<testsuite xmlns:xsi="http://www.w3.org/2001/XMLSchema-instance" xsi:noNamespaceSchemaLocation="https://maven.apache.org/surefire/maven-surefire-plugin/xsd/surefire-test-report.xsd" name="BusinessServicesMockTest" time="0.837" tests="6" errors="0" skipped="0" failures="0">
  <properties>
[...]
</properties>
  <testcase name="testActivateNumberForWrongCustomer" classname="BusinessServicesMockTest" time="0.133"/>
  <testcase name="testGetAllPhoneNumbers" classname="BusinessServicesMockTest" time="0.008"/>
  <testcase name="testGetInvalidCustomerOhoneNumber" classname="BusinessServicesMockTest" time="0.007"/>
  <testcase name="testGetAllPhoneNumbersForCustomer" classname="BusinessServicesMockTest" time="0.003"/>
  <testcase name="testActivateNumber" classname="BusinessServicesMockTest" time="0.005"/>
  <testcase name="testActivateAlreadyActiveCustomerhoneNumber" classname="BusinessServicesMockTest" time="0.004"/>
</testsuite>